<?xml version="1.0" encoding="UTF-8"?>
<!-- Generated by org.testng.reporters.JUnitReportReporter -->
<testsuite hostname="LAPTOP-FUN2M76R" failures="0" tests="6" name="test.AccordianTest" time="2.993" errors="0" timestamp="2025-01-29T14:10:06 IST" skipped="0">
  <testcase classname="test.AccordianTest" name="clickAtClose" time="0.207"/>
  <system-out/>
  <testcase classname="test.AccordianTest" name="clickAtPractice" time="1.827"/>
  <system-out/>
  <testcase classname="test.AccordianTest" name="clickAtWigets" time="0.180"/>
  <system-out/>
  <testcase classname="test.AccordianTest" name="clickAtAccordian" time="0.284"/>
  <system-out/>
  <testcase classname="test.AccordianTest" name="clickAtAccordianpara1" time="0.322"/>
  <system-out/>
  <testcase classname="test.AccordianTest" name="clickAtAccordiantext" time="0.173"/>
  <system-out/>
</testsuite> <!-- test.AccordianTest -->
