<?xml version="1.0" encoding="UTF-8"?>
<!-- Generated by org.testng.reporters.JUnitReportReporter -->
<testsuite hostname="LAPTOP-FUN2M76R" failures="0" tests="7" name="test.RadioButtonsTest" time="5.717" errors="0" timestamp="2025-01-12T20:45:56 IST" skipped="0">
  <testcase classname="test.RadioButtonsTest" name="clickAtclose" time="3.192"/>
  <system-out/>
  <testcase classname="test.RadioButtonsTest" name="clickAtpractice" time="1.845"/>
  <system-out/>
  <testcase classname="test.RadioButtonsTest" name="clickAtElement" time="0.113"/>
  <system-out/>
  <testcase classname="test.RadioButtonsTest" name="clickAtRadioButton" time="0.165"/>
  <system-out/>
  <testcase classname="test.RadioButtonsTest" name="clickAtyes" time="0.180"/>
  <system-out/>
  <testcase classname="test.RadioButtonsTest" name="clickAtImpressive" time="0.125"/>
  <system-out/>
  <testcase classname="test.RadioButtonsTest" name="clickAtNOButton" time="0.097"/>
  <system-out/>
</testsuite> <!-- test.RadioButtonsTest -->
