<?xml version="1.0" encoding="UTF-8"?>
<!-- Generated by org.testng.reporters.JUnitReportReporter -->
<testsuite hostname="LAPTOP-FUN2M76R" failures="0" tests="6" name="test.Text_box_test" time="7.048" errors="0" timestamp="2025-01-24T18:52:10 IST" skipped="0">
  <testcase classname="test.Text_box_test" name="clickAtClose" time="0.705"/>
  <system-out/>
  <testcase classname="test.Text_box_test" name="clickAtPractice" time="2.528"/>
  <system-out/>
  <testcase classname="test.Text_box_test" name="clickAtElement" time="0.309"/>
  <system-out/>
  <testcase classname="test.Text_box_test" name="clickAtBox" time="0.583"/>
  <system-out/>
  <testcase classname="test.Text_box_test" name="clickAtFillDetails" time="2.529"/>
  <system-out/>
  <testcase classname="test.Text_box_test" name="validate" time="0.394"/>
  <system-out/>
</testsuite> <!-- test.Text_box_test -->
