<?xml version="1.0" encoding="UTF-8"?>
<!-- Generated by org.testng.reporters.JUnitReportReporter -->
<testsuite hostname="LAPTOP-FUN2M76R" failures="0" tests="7" name="test.CheckboxTest" time="6.146" errors="0" timestamp="2025-01-24T16:50:45 IST" skipped="0">
  <testcase classname="test.CheckboxTest" name="clickAtClose" time="3.143"/>
  <system-out/>
  <testcase classname="test.CheckboxTest" name="clickAtPractice" time="1.904"/>
  <system-out/>
  <testcase classname="test.CheckboxTest" name="clickAtElements" time="0.109"/>
  <system-out/>
  <testcase classname="test.CheckboxTest" name="clickAtCheckbox" time="0.185"/>
  <system-out/>
  <testcase classname="test.CheckboxTest" name="clickAtMobile" time="0.392"/>
  <system-out/>
  <testcase classname="test.CheckboxTest" name="clickAtLaptop" time="0.215"/>
  <system-out/>
  <testcase classname="test.CheckboxTest" name="clickAtDesktop" time="0.198"/>
  <system-out/>
</testsuite> <!-- test.CheckboxTest -->
