<?xml version="1.0" encoding="UTF-8"?>
<!-- Generated by org.testng.reporters.JUnitReportReporter -->
<testsuite hostname="LAPTOP-FUN2M76R" failures="0" tests="7" name="test.WebTableTest" time="14.834" errors="0" timestamp="2025-01-13T15:20:27 IST" skipped="0">
  <testcase classname="test.WebTableTest" name="clickAtclose" time="2.210"/>
  <system-out/>
  <testcase classname="test.WebTableTest" name="clickAtPractice" time="2.555"/>
  <system-out/>
  <testcase classname="test.WebTableTest" name="clickAtElements" time="0.109"/>
  <system-out/>
  <testcase classname="test.WebTableTest" name="clickAtWebTables" time="3.152"/>
  <system-out/>
  <testcase classname="test.WebTableTest" name="clickAtNameEmail" time="3.508"/>
  <system-out/>
  <testcase classname="test.WebTableTest" name="clickAteditabl" time="3.278"/>
  <system-out/>
  <testcase classname="test.WebTableTest" name="clickDelete" time="0.022"/>
  <system-out/>
</testsuite> <!-- test.WebTableTest -->
